[preview.colorlib.com/theme/balita/index.html]
[backblue.gif]
[fade.gif]
[index.html]
[preview.colorlib.com/theme/balita/css/bootstrap.css]
[preview.colorlib.com/theme/balita/css/animate.css]
[preview.colorlib.com/theme/balita/css/owl.carousel.min.css]
[preview.colorlib.com/theme/balita/fonts/ionicons/css/ionicons.min.css]
[preview.colorlib.com/theme/balita/fonts/fontawesome/css/font-awesome.min.css]
[preview.colorlib.com/theme/balita/fonts/flaticon/font/flaticon.css]
[preview.colorlib.com/theme/balita/css/style.css]
[preview.colorlib.com/theme/balita/index-2.html]
[preview.colorlib.com/theme/balita/category.html]
[preview.colorlib.com/theme/balita/about.html]
[preview.colorlib.com/theme/balita/contact.html]
[preview.colorlib.com/theme/balita/blog-single.html]
[preview.colorlib.com/theme/balita/images/img_1.jpg]
[preview.colorlib.com/theme/balita/images/img_2.jpg]
[preview.colorlib.com/theme/balita/images/img_3.jpg]
[preview.colorlib.com/theme/balita/images/img_4.jpg]
[preview.colorlib.com/theme/balita/images/img_5.jpg]
[preview.colorlib.com/theme/balita/images/img_6.jpg]
[preview.colorlib.com/theme/balita/images/img_7.jpg]
[preview.colorlib.com/theme/balita/images/img_8.jpg]
[preview.colorlib.com/theme/balita/images/img_9.jpg]
[preview.colorlib.com/theme/balita/images/img_10.jpg]
[preview.colorlib.com/theme/balita/images/img_11.jpg]
[preview.colorlib.com/theme/balita/images/img_12.jpg]
[preview.colorlib.com/theme/balita/images/person_1.jpg]
[preview.colorlib.com/theme/balita/js/jquery-3.2.1.min.js]
[preview.colorlib.com/theme/balita/js/jquery-migrate-3.0.0.js]
[preview.colorlib.com/theme/balita/js/popper.min.js]
[preview.colorlib.com/theme/balita/js/bootstrap.min.js]
[preview.colorlib.com/theme/balita/js/owl.carousel.min.js]
[preview.colorlib.com/theme/balita/js/jquery.waypoints.min.js]
[preview.colorlib.com/theme/balita/js/jquery.stellar.min.js]
[preview.colorlib.com/theme/balita/index.html]
[preview.colorlib.com/theme/balita/css/bootstrap.css]
[preview.colorlib.com/theme/balita/css/animate.css]
[preview.colorlib.com/theme/balita/js/main.js]
[preview.colorlib.com/theme/balita/css/owl.video.play.png]
[preview.colorlib.com/theme/balita/css/owl.carousel.min.css]
[preview.colorlib.com/theme/balita/fonts/ionicons/fonts/ionicons28b5.eot]
[preview.colorlib.com/theme/balita/fonts/ionicons/fonts/ionicons28b5.woff]
[preview.colorlib.com/theme/balita/fonts/ionicons/fonts/ionicons28b5.ttf]
[preview.colorlib.com/theme/balita/fonts/ionicons/css/ionicons.min.css]
[preview.colorlib.com/theme/balita/fonts/ionicons/fonts/ionicons28b5.svg]
[preview.colorlib.com/theme/balita/fonts/fontawesome/fonts/fontawesome-webfont3e6e.eot]
[preview.colorlib.com/theme/balita/fonts/fontawesome/fonts/fontawesome-webfontd41d.eot]
[preview.colorlib.com/theme/balita/fonts/fontawesome/fonts/fontawesome-webfont3e6e.woff2]
[preview.colorlib.com/theme/balita/fonts/fontawesome/fonts/fontawesome-webfont3e6e.woff]
[preview.colorlib.com/theme/balita/fonts/fontawesome/fonts/fontawesome-webfont3e6e.ttf]
[preview.colorlib.com/theme/balita/fonts/fontawesome/css/font-awesome.min.css]
[preview.colorlib.com/theme/balita/fonts/fontawesome/fonts/fontawesome-webfont3e6e.svg]
[preview.colorlib.com/theme/balita/fonts/flaticon/font/Flaticon.eot]
[preview.colorlib.com/theme/balita/fonts/flaticon/font/Flaticond41d.eot]
[preview.colorlib.com/theme/balita/fonts/flaticon/font/Flaticon.woff]
[preview.colorlib.com/theme/balita/fonts/flaticon/font/Flaticon.ttf]
[preview.colorlib.com/theme/balita/fonts/flaticon/font/flaticon.css]
[preview.colorlib.com/theme/balita/css/style.css]
[preview.colorlib.com/cdn-cgi/zaraz/sd0d9.js]
[preview.colorlib.com/theme/balita/index-2.html]
[preview.colorlib.com/theme/balita/category.html]
[preview.colorlib.com/theme/balita/about.html]
[preview.colorlib.com/theme/balita/contact.html]
[preview.colorlib.com/theme/balita/fonts/flaticon/font/Flaticon.svg]
[preview.colorlib.com/theme/balita/blog.html]
[preview.colorlib.com/theme/balita/blog-single.html]
[preview.colorlib.com/theme/balita/css/owl.video.play.html]
[preview.colorlib.com/theme/balita/fonts/ionicons/fonts/ionicons28b5.svg]
[preview.colorlib.com/theme/balita/fonts/fontawesome/fonts/fontawesome-webfont3e6e.svg]
[preview.colorlib.com/theme/balita/fonts/flaticon/font/Flaticon.svg]
[preview.colorlib.com/theme/balita/blog.html]
